Netflix/build/app/intermediates/manifest_merge_blame_file/debug/manifest-merger-blame-debug-report.txt
1<?xml version="1.0" encoding="utf-8"?>
2<manifest xmlns:android="http://schemas.android.com/apk/res/android"
3    package="com.example.netflix_clone"
4    android:versionCode="1"
5    android:versionName="1.0.0" >
6
7    <uses-sdk
8        android:minSdkVersion="16"
9        android:targetSdkVersion="29" />
10    <!--
11         Flutter needs it to communicate with the running application
12         to allow setting breakpoints, to provide hot reload, etc.
13    -->
14    <uses-permission android:name="android.permission.INTERNET" />
14-->src\main\AndroidManifest.xml:8:5-66
14-->src\main\AndroidManifest.xml:8:22-64
15    <uses-permission android:name="android.permission.ACCESS_NETWORK_STATE" />
15-->[com.google.android.exoplayer:exoplayer-core:2.13.3] AndroidManifest.xml:24:5-79
15-->[com.google.android.exoplayer:exoplayer-core:2.13.3] AndroidManifest.xml:24:22-76
16    <uses-permission android:name="android.permission.WAKE_LOCK" />
16-->[androidx.work:work-runtime:2.5.0] AndroidManifest.xml:25:5-68
16-->[androidx.work:work-runtime:2.5.0] AndroidManifest.xml:25:22-65
17    <uses-permission android:name="android.permission.RECEIVE_BOOT_COMPLETED" />
17-->[androidx.work:work-runtime:2.5.0] AndroidManifest.xml:27:5-81
17-->[androidx.work:work-runtime:2.5.0] AndroidManifest.xml:27:22-78
18    <uses-permission android:name="android.permission.FOREGROUND_SERVICE" />
18-->[androidx.work:work-runtime:2.5.0] AndroidManifest.xml:28:5-77
18-->[androidx.work:work-runtime:2.5.0] AndroidManifest.xml:28:22-74
19
20    <application
20-->src\main\AndroidManifest.xml:9:5-47:19
21        android:name="io.flutter.app.FlutterApplication"
21-->src\main\AndroidManifest.xml:10:9-57
22        android:appComponentFactory="androidx.core.app.CoreComponentFactory"
22-->[androidx.core:core:1.3.0] AndroidManifest.xml:24:18-86
23        android:debuggable="true"
24        android:icon="@mipmap/ic_launcher"
24-->src\main\AndroidManifest.xml:12:9-43
25        android:label="netflix_clone" >
25-->src\main\AndroidManifest.xml:11:9-38
26        <activity
26-->src\main\AndroidManifest.xml:13:9-41:20
27            android:name="com.example.netflix_clone.MainActivity"
27-->src\main\AndroidManifest.xml:14:13-41
28            android:configChanges="orientation|keyboardHidden|keyboard|screenSize|smallestScreenSize|locale|layoutDirection|fontScale|screenLayout|density|uiMode"
28-->src\main\AndroidManifest.xml:17:13-163
29            android:hardwareAccelerated="true"
29-->src\main\AndroidManifest.xml:18:13-47
30            android:launchMode="singleTop"
30-->src\main\AndroidManifest.xml:15:13-43
31            android:theme="@style/LaunchTheme"
31-->src\main\AndroidManifest.xml:16:13-47
32            android:windowSoftInputMode="adjustResize" >
32-->src\main\AndroidManifest.xml:19:13-55
33
34            <!--
35                 Specifies an Android theme to apply to this Activity as soon as
36                 the Android process has started. This theme is visible to the user
37                 while the Flutter UI initializes. After that, this theme continues
38                 to determine the Window background behind the Flutter UI.
39            -->
40            <meta-data
40-->src\main\AndroidManifest.xml:24:13-27:17
41                android:name="io.flutter.embedding.android.NormalTheme"
41-->src\main\AndroidManifest.xml:25:15-70
42                android:resource="@style/NormalTheme" />
42-->src\main\AndroidManifest.xml:26:15-52
43            <!--
44                 Displays an Android View that continues showing the launch screen
45                 Drawable until Flutter paints its first frame, then this splash
46                 screen fades out. A splash screen is useful to avoid any visual
47                 gap between the end of Android's launch screen and the painting of
48                 Flutter's first frame.
49            -->
50            <meta-data
50-->src\main\AndroidManifest.xml:33:13-36:17
51                android:name="io.flutter.embedding.android.SplashScreenDrawable"
51-->src\main\AndroidManifest.xml:34:15-79
52                android:resource="@drawable/launch_background" />
52-->src\main\AndroidManifest.xml:35:15-61
53
54            <intent-filter>
54-->src\main\AndroidManifest.xml:37:13-40:29
55                <action android:name="android.intent.action.MAIN" />
55-->src\main\AndroidManifest.xml:38:17-68
55-->src\main\AndroidManifest.xml:38:25-66
56
57                <category android:name="android.intent.category.LAUNCHER" />
57-->src\main\AndroidManifest.xml:39:17-76
57-->src\main\AndroidManifest.xml:39:27-74
58            </intent-filter>
59        </activity>
60        <!--
61             Don't delete the meta-data below.
62             This is used by the Flutter tool to generate GeneratedPluginRegistrant.java
63        -->
64        <meta-data
64-->src\main\AndroidManifest.xml:44:9-46:33
65            android:name="flutterEmbedding"
65-->src\main\AndroidManifest.xml:45:13-44
66            android:value="2" />
66-->src\main\AndroidManifest.xml:46:13-30
67
68        <provider
68-->[androidx.work:work-runtime:2.5.0] AndroidManifest.xml:31:9-37:35
69            android:name="androidx.work.impl.WorkManagerInitializer"
69-->[androidx.work:work-runtime:2.5.0] AndroidManifest.xml:32:13-69
70            android:authorities="com.example.netflix_clone.workmanager-init"
70-->[androidx.work:work-runtime:2.5.0] AndroidManifest.xml:33:13-68
71            android:directBootAware="false"
71-->[androidx.work:work-runtime:2.5.0] AndroidManifest.xml:34:13-44
72            android:exported="false"
72-->[androidx.work:work-runtime:2.5.0] AndroidManifest.xml:35:13-37
73            android:multiprocess="true" />
73-->[androidx.work:work-runtime:2.5.0] AndroidManifest.xml:36:13-40
74
75        <service
75-->[androidx.work:work-runtime:2.5.0] AndroidManifest.xml:39:9-44:35
76            android:name="androidx.work.impl.background.systemalarm.SystemAlarmService"
76-->[androidx.work:work-runtime:2.5.0] AndroidManifest.xml:40:13-88
77            android:directBootAware="false"
77-->[androidx.work:work-runtime:2.5.0] AndroidManifest.xml:41:13-44
78            android:enabled="@bool/enable_system_alarm_service_default"
78-->[androidx.work:work-runtime:2.5.0] AndroidManifest.xml:42:13-72
79            android:exported="false" />
79-->[androidx.work:work-runtime:2.5.0] AndroidManifest.xml:43:13-37
80        <service
80-->[androidx.work:work-runtime:2.5.0] AndroidManifest.xml:45:9-51:35
81            android:name="androidx.work.impl.background.systemjob.SystemJobService"
81-->[androidx.work:work-runtime:2.5.0] AndroidManifest.xml:46:13-84
82            android:directBootAware="false"
82-->[androidx.work:work-runtime:2.5.0] AndroidManifest.xml:47:13-44
83            android:enabled="@bool/enable_system_job_service_default"
83-->[androidx.work:work-runtime:2.5.0] AndroidManifest.xml:48:13-70
84            android:exported="true"
84-->[androidx.work:work-runtime:2.5.0] AndroidManifest.xml:49:13-36
85            android:permission="android.permission.BIND_JOB_SERVICE" />
85-->[androidx.work:work-runtime:2.5.0] AndroidManifest.xml:50:13-69
86        <service
86-->[androidx.work:work-runtime:2.5.0] AndroidManifest.xml:52:9-57:35
87            android:name="androidx.work.impl.foreground.SystemForegroundService"
87-->[androidx.work:work-runtime:2.5.0] AndroidManifest.xml:53:13-81
88            android:directBootAware="false"
88-->[androidx.work:work-runtime:2.5.0] AndroidManifest.xml:54:13-44
89            android:enabled="@bool/enable_system_foreground_service_default"
89-->[androidx.work:work-runtime:2.5.0] AndroidManifest.xml:55:13-77
90            android:exported="false" />
90-->[androidx.work:work-runtime:2.5.0] AndroidManifest.xml:56:13-37
91
92        <receiver
92-->[androidx.work:work-runtime:2.5.0] AndroidManifest.xml:59:9-64:35
93            android:name="androidx.work.impl.utils.ForceStopRunnable$BroadcastReceiver"
93-->[androidx.work:work-runtime:2.5.0] AndroidManifest.xml:60:13-88
94            android:directBootAware="false"
94-->[androidx.work:work-runtime:2.5.0] AndroidManifest.xml:61:13-44
95            android:enabled="true"
95-->[androidx.work:work-runtime:2.5.0] AndroidManifest.xml:62:13-35
96            android:exported="false" />
96-->[androidx.work:work-runtime:2.5.0] AndroidManifest.xml:63:13-37
97        <receiver
97-->[androidx.work:work-runtime:2.5.0] AndroidManifest.xml:65:9-75:20
98            android:name="androidx.work.impl.background.systemalarm.ConstraintProxy$BatteryChargingProxy"
98-->[androidx.work:work-runtime:2.5.0] AndroidManifest.xml:66:13-106
99            android:directBootAware="false"
99-->[androidx.work:work-runtime:2.5.0] AndroidManifest.xml:67:13-44
100            android:enabled="false"
100-->[androidx.work:work-runtime:2.5.0] AndroidManifest.xml:68:13-36
101            android:exported="false" >
101-->[androidx.work:work-runtime:2.5.0] AndroidManifest.xml:69:13-37
102            <intent-filter>
102-->[androidx.work:work-runtime:2.5.0] AndroidManifest.xml:71:13-74:29
103                <action android:name="android.intent.action.ACTION_POWER_CONNECTED" />
103-->[androidx.work:work-runtime:2.5.0] AndroidManifest.xml:72:17-87
103-->[androidx.work:work-runtime:2.5.0] AndroidManifest.xml:72:25-84
104                <action android:name="android.intent.action.ACTION_POWER_DISCONNECTED" />
104-->[androidx.work:work-runtime:2.5.0] AndroidManifest.xml:73:17-90
104-->[androidx.work:work-runtime:2.5.0] AndroidManifest.xml:73:25-87
105            </intent-filter>
106        </receiver>
107        <receiver
107-->[androidx.work:work-runtime:2.5.0] AndroidManifest.xml:76:9-86:20
108            android:name="androidx.work.impl.background.systemalarm.ConstraintProxy$BatteryNotLowProxy"
108-->[androidx.work:work-runtime:2.5.0] AndroidManifest.xml:77:13-104
109            android:directBootAware="false"
109-->[androidx.work:work-runtime:2.5.0] AndroidManifest.xml:78:13-44
110            android:enabled="false"
110-->[androidx.work:work-runtime:2.5.0] AndroidManifest.xml:79:13-36
111            android:exported="false" >
111-->[androidx.work:work-runtime:2.5.0] AndroidManifest.xml:80:13-37
112            <intent-filter>
112-->[androidx.work:work-runtime:2.5.0] AndroidManifest.xml:82:13-85:29
113                <action android:name="android.intent.action.BATTERY_OKAY" />
113-->[androidx.work:work-runtime:2.5.0] AndroidManifest.xml:83:17-77
113-->[androidx.work:work-runtime:2.5.0] AndroidManifest.xml:83:25-74
114                <action android:name="android.intent.action.BATTERY_LOW" />
114-->[androidx.work:work-runtime:2.5.0] AndroidManifest.xml:84:17-76
114-->[androidx.work:work-runtime:2.5.0] AndroidManifest.xml:84:25-73
115            </intent-filter>
116        </receiver>
117        <receiver
117-->[androidx.work:work-runtime:2.5.0] AndroidManifest.xml:87:9-97:20
118            android:name="androidx.work.impl.background.systemalarm.ConstraintProxy$StorageNotLowProxy"
118-->[androidx.work:work-runtime:2.5.0] AndroidManifest.xml:88:13-104
119            android:directBootAware="false"
119-->[androidx.work:work-runtime:2.5.0] AndroidManifest.xml:89:13-44
120            android:enabled="false"
120-->[androidx.work:work-runtime:2.5.0] AndroidManifest.xml:90:13-36
121            android:exported="false" >
121-->[androidx.work:work-runtime:2.5.0] AndroidManifest.xml:91:13-37
122            <intent-filter>
122-->[androidx.work:work-runtime:2.5.0] AndroidManifest.xml:93:13-96:29
123                <action android:name="android.intent.action.DEVICE_STORAGE_LOW" />
123-->[androidx.work:work-runtime:2.5.0] AndroidManifest.xml:94:17-83
123-->[androidx.work:work-runtime:2.5.0] AndroidManifest.xml:94:25-80
124                <action android:name="android.intent.action.DEVICE_STORAGE_OK" />
124-->[androidx.work:work-runtime:2.5.0] AndroidManifest.xml:95:17-82
124-->[androidx.work:work-runtime:2.5.0] AndroidManifest.xml:95:25-79
125            </intent-filter>
126        </receiver>
127        <receiver
127-->[androidx.work:work-runtime:2.5.0] AndroidManifest.xml:98:9-107:20
128            android:name="androidx.work.impl.background.systemalarm.ConstraintProxy$NetworkStateProxy"
128-->[androidx.work:work-runtime:2.5.0] AndroidManifest.xml:99:13-103
129            android:directBootAware="false"
129-->[androidx.work:work-runtime:2.5.0] AndroidManifest.xml:100:13-44
130            android:enabled="false"
130-->[androidx.work:work-runtime:2.5.0] AndroidManifest.xml:101:13-36
131            android:exported="false" >
131-->[androidx.work:work-runtime:2.5.0] AndroidManifest.xml:102:13-37
132            <intent-filter>
132-->[androidx.work:work-runtime:2.5.0] AndroidManifest.xml:104:13-106:29
133                <action android:name="android.net.conn.CONNECTIVITY_CHANGE" />
133-->[androidx.work:work-runtime:2.5.0] AndroidManifest.xml:105:17-79
133-->[androidx.work:work-runtime:2.5.0] AndroidManifest.xml:105:25-76
134            </intent-filter>
135        </receiver>
136        <receiver
136-->[androidx.work:work-runtime:2.5.0] AndroidManifest.xml:108:9-119:20
137            android:name="androidx.work.impl.background.systemalarm.RescheduleReceiver"
137-->[androidx.work:work-runtime:2.5.0] AndroidManifest.xml:109:13-88
138            android:directBootAware="false"
138-->[androidx.work:work-runtime:2.5.0] AndroidManifest.xml:110:13-44
139            android:enabled="false"
139-->[androidx.work:work-runtime:2.5.0] AndroidManifest.xml:111:13-36
140            android:exported="false" >
140-->[androidx.work:work-runtime:2.5.0] AndroidManifest.xml:112:13-37
141            <intent-filter>
141-->[androidx.work:work-runtime:2.5.0] AndroidManifest.xml:114:13-118:29
142                <action android:name="android.intent.action.BOOT_COMPLETED" />
142-->[androidx.work:work-runtime:2.5.0] AndroidManifest.xml:115:17-79
142-->[androidx.work:work-runtime:2.5.0] AndroidManifest.xml:115:25-76
143                <action android:name="android.intent.action.TIME_SET" />
143-->[androidx.work:work-runtime:2.5.0] AndroidManifest.xml:116:17-73
143-->[androidx.work:work-runtime:2.5.0] AndroidManifest.xml:116:25-70
144                <action android:name="android.intent.action.TIMEZONE_CHANGED" />
144-->[androidx.work:work-runtime:2.5.0] AndroidManifest.xml:117:17-81
144-->[androidx.work:work-runtime:2.5.0] AndroidManifest.xml:117:25-78
145            </intent-filter>
146        </receiver>
147        <receiver
147-->[androidx.work:work-runtime:2.5.0] AndroidManifest.xml:120:9-129:20
148            android:name="androidx.work.impl.background.systemalarm.ConstraintProxyUpdateReceiver"
148-->[androidx.work:work-runtime:2.5.0] AndroidManifest.xml:121:13-99
149            android:directBootAware="false"
149-->[androidx.work:work-runtime:2.5.0] AndroidManifest.xml:122:13-44
150            android:enabled="@bool/enable_system_alarm_service_default"
150-->[androidx.work:work-runtime:2.5.0] AndroidManifest.xml:123:13-72
151            android:exported="false" >
151-->[androidx.work:work-runtime:2.5.0] AndroidManifest.xml:124:13-37
152            <intent-filter>
152-->[androidx.work:work-runtime:2.5.0] AndroidManifest.xml:126:13-128:29
153                <action android:name="androidx.work.impl.background.systemalarm.UpdateProxies" />
153-->[androidx.work:work-runtime:2.5.0] AndroidManifest.xml:127:17-98
153-->[androidx.work:work-runtime:2.5.0] AndroidManifest.xml:127:25-95
154            </intent-filter>
155        </receiver>
156        <receiver
156-->[androidx.work:work-runtime:2.5.0] AndroidManifest.xml:130:9-140:20
157            android:name="androidx.work.impl.diagnostics.DiagnosticsReceiver"
157-->[androidx.work:work-runtime:2.5.0] AndroidManifest.xml:131:13-78
158            android:directBootAware="false"
158-->[androidx.work:work-runtime:2.5.0] AndroidManifest.xml:132:13-44
159            android:enabled="true"
159-->[androidx.work:work-runtime:2.5.0] AndroidManifest.xml:133:13-35
160            android:exported="true"
160-->[androidx.work:work-runtime:2.5.0] AndroidManifest.xml:134:13-36
161            android:permission="android.permission.DUMP" >
161-->[androidx.work:work-runtime:2.5.0] AndroidManifest.xml:135:13-57
162            <intent-filter>
162-->[androidx.work:work-runtime:2.5.0] AndroidManifest.xml:137:13-139:29
163                <action android:name="androidx.work.diagnostics.REQUEST_DIAGNOSTICS" />
163-->[androidx.work:work-runtime:2.5.0] AndroidManifest.xml:138:17-88
163-->[androidx.work:work-runtime:2.5.0] AndroidManifest.xml:138:25-85
164            </intent-filter>
165        </receiver>
166
167        <service
167-->[androidx.room:room-runtime:2.2.5] AndroidManifest.xml:25:9-28:40
168            android:name="androidx.room.MultiInstanceInvalidationService"
168-->[androidx.room:room-runtime:2.2.5] AndroidManifest.xml:26:13-74
169            android:directBootAware="true"
169-->[androidx.room:room-runtime:2.2.5] AndroidManifest.xml:27:13-43
170            android:exported="false" />
170-->[androidx.room:room-runtime:2.2.5] AndroidManifest.xml:28:13-37
171    </application>
172
173</manifest>